2016/11/15 17:13:07 INFO  - jmeter.util.JMeterUtils: Setting Locale to en_GB 
2016/11/15 17:13:07 INFO  - jmeter.JMeter: Loading user properties from: /usr/local/Cellar/jmeter/3.0/libexec/bin/user.properties 
2016/11/15 17:13:07 INFO  - jmeter.JMeter: Loading system properties from: /usr/local/Cellar/jmeter/3.0/libexec/bin/system.properties 
2016/11/15 17:13:07 INFO  - jmeter.JMeter: Copyright (c) 1998-2016 The Apache Software Foundation 
2016/11/15 17:13:07 INFO  - jmeter.JMeter: Version 3.0 r1743807 
2016/11/15 17:13:07 INFO  - jmeter.JMeter: java.version=1.8.0_102 
2016/11/15 17:13:07 INFO  - jmeter.JMeter: java.vm.name=Java HotSpot(TM) 64-Bit Server VM 
2016/11/15 17:13:07 INFO  - jmeter.JMeter: os.name=Mac OS X 
2016/11/15 17:13:07 INFO  - jmeter.JMeter: os.arch=x86_64 
2016/11/15 17:13:07 INFO  - jmeter.JMeter: os.version=10.12.1 
2016/11/15 17:13:07 INFO  - jmeter.JMeter: file.encoding=UTF-8 
2016/11/15 17:13:07 INFO  - jmeter.JMeter: Max memory     =514850816 
2016/11/15 17:13:07 INFO  - jmeter.JMeter: Available Processors =4 
2016/11/15 17:13:07 INFO  - jmeter.JMeter: Default Locale=English (United Kingdom) 
2016/11/15 17:13:07 INFO  - jmeter.JMeter: JMeter  Locale=English (United Kingdom) 
2016/11/15 17:13:07 INFO  - jmeter.JMeter: JMeterHome=/usr/local/Cellar/jmeter/3.0/libexec 
2016/11/15 17:13:07 INFO  - jmeter.JMeter: user.dir  =/Users/JST/Documents/Sparta Global/Notes 
2016/11/15 17:13:07 INFO  - jmeter.JMeter: PWD       =/Users/JST/Documents/Sparta Global/Notes 
2016/11/15 17:13:08 INFO  - jmeter.JMeter: IP: 192.168.1.245 Name: Jasons-MacBook-Pro.local FullName: 192.168.1.245 
2016/11/15 17:13:10 INFO  - jmeter.gui.action.LookAndFeelCommand: Using look and feel: com.apple.laf.AquaLookAndFeel [Mac OS X, System] 
2016/11/15 17:13:10 INFO  - jmeter.JMeter: Loaded icon properties from org/apache/jmeter/images/icon.properties 
2016/11/15 17:13:17 INFO  - jmeter.engine.util.CompoundVariable: Note: Function class names must contain the string: '.functions.' 
2016/11/15 17:13:17 INFO  - jmeter.engine.util.CompoundVariable: Note: Function class names must not contain the string: '.gui.' 
2016/11/15 17:13:19 INFO  - jmeter.util.BSFTestElement: Registering JMeter version of JavaScript engine as work-round for BSF-22 
2016/11/15 17:13:21 INFO  - jmeter.protocol.http.sampler.HTTPSamplerBase: Parser for text/html is org.apache.jmeter.protocol.http.parser.LagartoBasedHtmlParser 
2016/11/15 17:13:21 INFO  - jmeter.protocol.http.sampler.HTTPSamplerBase: Parser for application/xhtml+xml is org.apache.jmeter.protocol.http.parser.LagartoBasedHtmlParser 
2016/11/15 17:13:21 INFO  - jmeter.protocol.http.sampler.HTTPSamplerBase: Parser for application/xml is org.apache.jmeter.protocol.http.parser.LagartoBasedHtmlParser 
2016/11/15 17:13:21 INFO  - jmeter.protocol.http.sampler.HTTPSamplerBase: Parser for text/xml is org.apache.jmeter.protocol.http.parser.LagartoBasedHtmlParser 
2016/11/15 17:13:21 INFO  - jmeter.protocol.http.sampler.HTTPSamplerBase: Parser for text/vnd.wap.wml is org.apache.jmeter.protocol.http.parser.RegexpHTMLParser 
2016/11/15 17:13:21 INFO  - jmeter.protocol.http.sampler.HTTPSamplerBase: Parser for text/css is org.apache.jmeter.protocol.http.parser.CssParser 
2016/11/15 17:13:22 INFO  - jorphan.exec.KeyToolUtils: keytool found at 'keytool' 
2016/11/15 17:13:22 INFO  - jmeter.protocol.http.proxy.ProxyControl: HTTP(S) Test Script Recorder SSL Proxy will use keys that support embedded 3rd party resources in file /usr/local/Cellar/jmeter/3.0/libexec/bin/proxyserver.jks 
2016/11/15 17:13:22 INFO  - jmeter.gui.util.MenuFactory: Skipping org.apache.jmeter.protocol.mongodb.config.MongoSourceElement 
2016/11/15 17:13:22 INFO  - jmeter.gui.util.MenuFactory: Skipping org.apache.jmeter.protocol.mongodb.sampler.MongoScriptSampler 
2016/11/15 17:13:22 INFO  - jmeter.gui.util.MenuFactory: Skipping org.apache.jmeter.visualizers.DistributionGraphVisualizer 
2016/11/15 17:13:23 INFO  - jmeter.samplers.SampleResult: Note: Sample TimeStamps are START times 
2016/11/15 17:13:23 INFO  - jmeter.samplers.SampleResult: sampleresult.default.encoding is set to ISO-8859-1 
2016/11/15 17:13:23 INFO  - jmeter.samplers.SampleResult: sampleresult.useNanoTime=true 
2016/11/15 17:13:23 INFO  - jmeter.samplers.SampleResult: sampleresult.nanoThreadSleep=5000 
2016/11/15 17:13:23 INFO  - jmeter.gui.util.MenuFactory: Skipping org.apache.jmeter.visualizers.SplineVisualizer 
2016/11/15 17:13:28 INFO  - jmeter.services.FileServer: Default base='/Users/JST/Documents/Sparta Global/Notes' 
2016/11/15 17:13:28 INFO  - jmeter.gui.action.Load: Loading file: /Users/JST/Desktop/CSV Login.jmx 
2016/11/15 17:13:28 INFO  - jmeter.services.FileServer: Set new base='/Users/JST/Desktop' 
2016/11/15 17:13:29 INFO  - jmeter.save.SaveService: Testplan (JMX) version: 2.2. Testlog (JTL) version: 2.2 
2016/11/15 17:13:29 INFO  - jmeter.save.SaveService: Using SaveService properties file encoding UTF-8 
2016/11/15 17:13:29 INFO  - jmeter.save.SaveService: Using SaveService properties version 2.9 
2016/11/15 17:13:29 INFO  - jmeter.save.SaveService: All converter versions present and correct 
2016/11/15 17:13:29 INFO  - jmeter.save.SaveService: Loading file: /Users/JST/Desktop/CSV Login.jmx 
2016/11/15 17:13:29 INFO  - jmeter.protocol.http.control.CookieManager: Settings: Delete null: true Check: true Allow variable: true Save: false Prefix: COOKIE_ 
2016/11/15 17:13:29 INFO  - jmeter.services.FileServer: Set new base='/Users/JST/Desktop' 
